<?xml version="1.0" encoding="UTF-8"?>
<!-- Generated by org.testng.reporters.JUnitReportReporter -->
<testsuite hostname="LAPTOP-6AJUMCDK" failures="0" tests="1" name="com.inetbanking.testCases.TC_DeleteCustomer_004" time="17.812" errors="0" timestamp="2022-09-17T10:22:14 IST" skipped="0">
  <testcase classname="com.inetbanking.testCases.TC_DeleteCustomer_004" name="deleteCustomerId" time="17.812"/>
  <system-out/>
</testsuite> <!-- com.inetbanking.testCases.TC_DeleteCustomer_004 -->
